
1	refs/AMA/AMA.fasta
	Synchronized paired end fastq files stored in out/fastq

	Log files stored in out/Results

	Fastqc .html files of input reads stored in out/fastqc_in
	Adapter cut reads temporarily stored in out/cut
	Trimmed reads stored in out/trim

	Fastqc .html files of trimmed reads stored in out/fastqc_trim_split

Analysis complete for BF10_S10_L001_R1_001.fastq.gz
Analysis complete for BF10_S10_L001_R2_001.fastq.gz
Analysis complete for BF1_S1_L001_R1_001.fastq.gz
Analysis complete for BF1_S1_L001_R2_001.fastq.gz
Analysis complete for BF2_S2_L001_R1_001.fastq.gz
Analysis complete for BF2_S2_L001_R2_001.fastq.gz
Analysis complete for BF3_S3_L001_R1_001.fastq.gz
Analysis complete for BF3_S3_L001_R2_001.fastq.gz
Analysis complete for BF4_S4_L001_R1_001.fastq.gz
Analysis complete for BF4_S4_L001_R2_001.fastq.gz
Analysis complete for BF5_S5_L001_R1_001.fastq.gz
Analysis complete for BF5_S5_L001_R2_001.fastq.gz
Analysis complete for BF6_S6_L001_R1_001.fastq.gz
Analysis complete for BF6_S6_L001_R2_001.fastq.gz
Analysis complete for BF7_S7_L001_R1_001.fastq.gz
Analysis complete for BF7_S7_L001_R2_001.fastq.gz
Analysis complete for BF8_S8_L001_R1_001.fastq.gz
Analysis complete for BF8_S8_L001_R2_001.fastq.gz
Analysis complete for BF9_S9_L001_R1_001.fastq.gz
Analysis complete for BF9_S9_L001_R2_001.fastq.gz

	Trimming BF10 reads
This is cutadapt 1.8.3 with Python 2.7.8
Command line parameters: -g file:adapters/forwardPrimers.fasta -G file:adapters/reversePrimers.fasta -o out/cut/1/BF10.1.fastq.gz -p out/cut/2/BF10.2.fastq.gz raw_reads/1/BF10_S10_L001_R1_001.fastq.gz raw_reads/2/BF10_S10_L001_R2_001.fastq.gz
Trimming 4 adapters with at most 10.0% errors in paired-end mode ...
Finished in 4.08 s (122 us/read; 0.49 M reads/minute).

=== Summary ===

Total read pairs processed:             33,577
  Read 1 with adapter:                  33,560 (99.9%)
  Read 2 with adapter:                  33,349 (99.3%)
Pairs written (passing filters):        33,577 (100.0%)

Total basepairs processed:    20,213,354 bp
  Read 1:    10,106,677 bp
  Read 2:    10,106,677 bp
Total written (filtered):     18,723,686 bp (92.6%)
  Read 1:     9,313,952 bp
  Read 2:     9,409,734 bp

=== First read: Adapter 'Pfcsp-f' ===

Sequence: TTAAGGAACAAGAAGGATAATACCA; Type: regular 5'; Length: 25; Trimmed: 18197 times.

No. of allowed errors:
0-9 bp: 0; 10-19 bp: 1; 20-25 bp: 2

Overview of removed sequences
length	count	expect	max.err	error counts
20	2	0.0	2	2
21	1	0.0	2	0 1
23	10	0.0	2	0 0 10
24	183	0.0	2	12 162 9
25	17950	0.0	2	17249 676 25
26	51	0.0	2	10 40 1

=== First read: Adapter 'Pfama-f' ===

Sequence: TCAGGGAAATGTCCAGTATTTG; Type: regular 5'; Length: 22; Trimmed: 15363 times.

No. of allowed errors:
0-9 bp: 0; 10-19 bp: 1; 20-22 bp: 2

Overview of removed sequences
length	count	expect	max.err	error counts
20	4	0.0	2	0 0 4
21	83	0.0	2	6 69 8
22	15205	0.0	2	14640 543 22
23	71	0.0	2	0 65 6

=== Second read: Adapter 'Pfcsp-r_rc' ===

Sequence: AAATGACCCAAACCGAAATG; Type: regular 5'; Length: 20; Trimmed: 18091 times.

No. of allowed errors:
0-9 bp: 0; 10-19 bp: 1; 20 bp: 2

Overview of removed sequences
length	count	expect	max.err	error counts
5	12	32.8	0	12
9	1	0.1	0	1
14	2	0.0	1	2
17	5	0.0	1	4 1
18	12	0.0	1	0 1 11
19	182	0.0	1	27 146 9
20	17850	0.0	2	17249 556 45
21	25	0.0	2	11 13 1
22	2	0.0	2	0 0 2

=== Second read: Adapter 'Pfama-r' ===

Sequence: GGACCATTATTTTCTTGAGCTG; Type: regular 5'; Length: 22; Trimmed: 15258 times.

No. of allowed errors:
0-9 bp: 0; 10-19 bp: 1; 20-22 bp: 2

Overview of removed sequences
length	count	expect	max.err	error counts
12	1	0.0	1	1
13	1	0.0	1	0 1
20	7	0.0	2	1 0 6
21	154	0.0	2	18 124 12
22	15066	0.0	2	14426 586 54
23	29	0.0	2	7 20 2


	Trimming BF1 reads
This is cutadapt 1.8.3 with Python 2.7.8
Command line parameters: -g file:adapters/forwardPrimers.fasta -G file:adapters/reversePrimers.fasta -o out/cut/1/BF1.1.fastq.gz -p out/cut/2/BF1.2.fastq.gz raw_reads/1/BF1_S1_L001_R1_001.fastq.gz raw_reads/2/BF1_S1_L001_R2_001.fastq.gz
Trimming 4 adapters with at most 10.0% errors in paired-end mode ...
Finished in 2.72 s (103 us/read; 0.58 M reads/minute).

=== Summary ===

Total read pairs processed:             26,485
  Read 1 with adapter:                  26,463 (99.9%)
  Read 2 with adapter:                  26,351 (99.5%)
Pairs written (passing filters):        26,485 (100.0%)

Total basepairs processed:    15,943,970 bp
  Read 1:     7,971,985 bp
  Read 2:     7,971,985 bp
Total written (filtered):     14,769,506 bp (92.6%)
  Read 1:     7,351,022 bp
  Read 2:     7,418,484 bp

=== First read: Adapter 'Pfcsp-f' ===

Sequence: TTAAGGAACAAGAAGGATAATACCA; Type: regular 5'; Length: 25; Trimmed: 12978 times.

No. of allowed errors:
0-9 bp: 0; 10-19 bp: 1; 20-25 bp: 2

Overview of removed sequences
length	count	expect	max.err	error counts
16	1	0.0	1	1
22	1	0.0	2	0 0 1
23	8	0.0	2	0 5 3
24	119	0.0	2	4 107 8
25	12823	0.0	2	12288 505 30
26	26	0.0	2	4 20 2

=== First read: Adapter 'Pfama-f' ===

Sequence: TCAGGGAAATGTCCAGTATTTG; Type: regular 5'; Length: 22; Trimmed: 13485 times.

No. of allowed errors:
0-9 bp: 0; 10-19 bp: 1; 20-22 bp: 2

Overview of removed sequences
length	count	expect	max.err	error counts
12	2	0.0	1	0 2
18	1	0.0	1	1
20	3	0.0	2	0 0 3
21	77	0.0	2	8 67 2
22	13331	0.0	2	12756 553 22
23	71	0.0	2	8 62 1

=== Second read: Adapter 'Pfcsp-r_rc' ===

Sequence: AAATGACCCAAACCGAAATG; Type: regular 5'; Length: 20; Trimmed: 12936 times.

No. of allowed errors:
0-9 bp: 0; 10-19 bp: 1; 20 bp: 2

Overview of removed sequences
length	count	expect	max.err	error counts
5	6	25.9	0	6
15	1	0.0	1	1
16	1	0.0	1	0 1
17	1	0.0	1	1
18	9	0.0	1	2 0 7
19	136	0.0	1	9 116 11
20	12770	0.0	2	12344 386 40
21	9	0.0	2	3 6
22	3	0.0	2	0 0 3

=== Second read: Adapter 'Pfama-r' ===

Sequence: GGACCATTATTTTCTTGAGCTG; Type: regular 5'; Length: 22; Trimmed: 13415 times.

No. of allowed errors:
0-9 bp: 0; 10-19 bp: 1; 20-22 bp: 2

Overview of removed sequences
length	count	expect	max.err	error counts
18	2	0.0	1	0 2
20	2	0.0	2	0 0 2
21	118	0.0	2	8 98 12
22	13271	0.0	2	12660 564 47
23	22	0.0	2	0 21 1


	Trimming BF2 reads
This is cutadapt 1.8.3 with Python 2.7.8
Command line parameters: -g file:adapters/forwardPrimers.fasta -G file:adapters/reversePrimers.fasta -o out/cut/1/BF2.1.fastq.gz -p out/cut/2/BF2.2.fastq.gz raw_reads/1/BF2_S2_L001_R1_001.fastq.gz raw_reads/2/BF2_S2_L001_R2_001.fastq.gz
Trimming 4 adapters with at most 10.0% errors in paired-end mode ...
Finished in 2.88 s (103 us/read; 0.58 M reads/minute).

=== Summary ===

Total read pairs processed:             28,008
  Read 1 with adapter:                  27,979 (99.9%)
  Read 2 with adapter:                  27,860 (99.5%)
Pairs written (passing filters):        28,008 (100.0%)

Total basepairs processed:    16,860,816 bp
  Read 1:     8,430,408 bp
  Read 2:     8,430,408 bp
Total written (filtered):     15,620,568 bp (92.6%)
  Read 1:     7,778,432 bp
  Read 2:     7,842,136 bp

=== First read: Adapter 'Pfcsp-f' ===

Sequence: TTAAGGAACAAGAAGGATAATACCA; Type: regular 5'; Length: 25; Trimmed: 12195 times.

No. of allowed errors:
0-9 bp: 0; 10-19 bp: 1; 20-25 bp: 2

Overview of removed sequences
length	count	expect	max.err	error counts
16	1	0.0	1	1
21	1	0.0	2	1
22	1	0.0	2	0 1
23	4	0.0	2	0 0 4
24	125	0.0	2	12 112 1
25	12031	0.0	2	11569 449 13
26	32	0.0	2	2 30

=== First read: Adapter 'Pfama-f' ===

Sequence: TCAGGGAAATGTCCAGTATTTG; Type: regular 5'; Length: 22; Trimmed: 15784 times.

No. of allowed errors:
0-9 bp: 0; 10-19 bp: 1; 20-22 bp: 2

Overview of removed sequences
length	count	expect	max.err	error counts
18	2	0.0	1	2
20	10	0.0	2	1 0 9
21	88	0.0	2	6 76 6
22	15604	0.0	2	15064 524 16
23	74	0.0	2	3 68 3
24	6	0.0	2	0 0 6

=== Second read: Adapter 'Pfcsp-r_rc' ===

Sequence: AAATGACCCAAACCGAAATG; Type: regular 5'; Length: 20; Trimmed: 12157 times.

No. of allowed errors:
0-9 bp: 0; 10-19 bp: 1; 20 bp: 2

Overview of removed sequences
length	count	expect	max.err	error counts
5	5	27.4	0	5
17	4	0.0	1	4
18	6	0.0	1	0 0 6
19	141	0.0	1	26 107 8
20	11984	0.0	2	11550 404 30
21	16	0.0	2	4 10 2
22	1	0.0	2	0 0 1

=== Second read: Adapter 'Pfama-r' ===

Sequence: GGACCATTATTTTCTTGAGCTG; Type: regular 5'; Length: 22; Trimmed: 15703 times.

No. of allowed errors:
0-9 bp: 0; 10-19 bp: 1; 20-22 bp: 2

Overview of removed sequences
length	count	expect	max.err	error counts
18	1	0.0	1	1
20	6	0.0	2	1 0 5
21	127	0.0	2	9 101 17
22	15538	0.0	2	14920 561 57
23	31	0.0	2	4 25 2


	Trimming BF3 reads
This is cutadapt 1.8.3 with Python 2.7.8
Command line parameters: -g file:adapters/forwardPrimers.fasta -G file:adapters/reversePrimers.fasta -o out/cut/1/BF3.1.fastq.gz -p out/cut/2/BF3.2.fastq.gz raw_reads/1/BF3_S3_L001_R1_001.fastq.gz raw_reads/2/BF3_S3_L001_R2_001.fastq.gz
Trimming 4 adapters with at most 10.0% errors in paired-end mode ...
Finished in 2.72 s (105 us/read; 0.57 M reads/minute).

=== Summary ===

Total read pairs processed:             25,840
  Read 1 with adapter:                  25,824 (99.9%)
  Read 2 with adapter:                  25,672 (99.3%)
Pairs written (passing filters):        25,840 (100.0%)

Total basepairs processed:    15,555,680 bp
  Read 1:     7,777,840 bp
  Read 2:     7,777,840 bp
Total written (filtered):     14,407,904 bp (92.6%)
  Read 1:     7,163,955 bp
  Read 2:     7,243,949 bp

=== First read: Adapter 'Pfcsp-f' ===

Sequence: TTAAGGAACAAGAAGGATAATACCA; Type: regular 5'; Length: 25; Trimmed: 15297 times.

No. of allowed errors:
0-9 bp: 0; 10-19 bp: 1; 20-25 bp: 2

Overview of removed sequences
length	count	expect	max.err	error counts
22	2	0.0	2	2
23	6	0.0	2	0 0 6
24	138	0.0	2	10 118 10
25	15114	0.0	2	14487 594 33
26	36	0.0	2	5 27 4
27	1	0.0	2	0 0 1

=== First read: Adapter 'Pfama-f' ===

Sequence: TCAGGGAAATGTCCAGTATTTG; Type: regular 5'; Length: 22; Trimmed: 10527 times.

No. of allowed errors:
0-9 bp: 0; 10-19 bp: 1; 20-22 bp: 2

Overview of removed sequences
length	count	expect	max.err	error counts
20	8	0.0	2	0 1 7
21	51	0.0	2	3 47 1
22	10417	0.0	2	9917 479 21
23	51	0.0	2	2 45 4

=== Second read: Adapter 'Pfcsp-r_rc' ===

Sequence: AAATGACCCAAACCGAAATG; Type: regular 5'; Length: 20; Trimmed: 15217 times.

No. of allowed errors:
0-9 bp: 0; 10-19 bp: 1; 20 bp: 2

Overview of removed sequences
length	count	expect	max.err	error counts
4	1	100.9	0	1
5	11	25.2	0	11
15	2	0.0	1	2
18	16	0.0	1	1 0 15
19	148	0.0	1	14 117 17
20	15011	0.0	2	14208 729 74
21	26	0.0	2	5 19 2
22	2	0.0	2	0 0 2

=== Second read: Adapter 'Pfama-r' ===

Sequence: GGACCATTATTTTCTTGAGCTG; Type: regular 5'; Length: 22; Trimmed: 10455 times.

No. of allowed errors:
0-9 bp: 0; 10-19 bp: 1; 20-22 bp: 2

Overview of removed sequences
length	count	expect	max.err	error counts
20	5	0.0	2	0 0 5
21	121	0.0	2	15 100 6
22	10316	0.0	2	9736 532 48
23	13	0.0	2	1 11 1


	Trimming BF4 reads
This is cutadapt 1.8.3 with Python 2.7.8
Command line parameters: -g file:adapters/forwardPrimers.fasta -G file:adapters/reversePrimers.fasta -o out/cut/1/BF4.1.fastq.gz -p out/cut/2/BF4.2.fastq.gz raw_reads/1/BF4_S4_L001_R1_001.fastq.gz raw_reads/2/BF4_S4_L001_R2_001.fastq.gz
Trimming 4 adapters with at most 10.0% errors in paired-end mode ...
Finished in 3.02 s (102 us/read; 0.59 M reads/minute).

=== Summary ===

Total read pairs processed:             29,520
  Read 1 with adapter:                  29,499 (99.9%)
  Read 2 with adapter:                  29,381 (99.5%)
Pairs written (passing filters):        29,520 (100.0%)

Total basepairs processed:    17,771,040 bp
  Read 1:     8,885,520 bp
  Read 2:     8,885,520 bp
Total written (filtered):     16,460,782 bp (92.6%)
  Read 1:     8,190,535 bp
  Read 2:     8,270,247 bp

=== First read: Adapter 'Pfcsp-f' ===

Sequence: TTAAGGAACAAGAAGGATAATACCA; Type: regular 5'; Length: 25; Trimmed: 15390 times.

No. of allowed errors:
0-9 bp: 0; 10-19 bp: 1; 20-25 bp: 2

Overview of removed sequences
length	count	expect	max.err	error counts
12	1	0.0	1	0 1
18	1	0.0	1	0 1
22	2	0.0	2	2
23	6	0.0	2	0 0 6
24	142	0.0	2	12 122 8
25	15195	0.0	2	14621 545 29
26	43	0.0	2	4 38 1

=== First read: Adapter 'Pfama-f' ===

Sequence: TCAGGGAAATGTCCAGTATTTG; Type: regular 5'; Length: 22; Trimmed: 14109 times.

No. of allowed errors:
0-9 bp: 0; 10-19 bp: 1; 20-22 bp: 2

Overview of removed sequences
length	count	expect	max.err	error counts
20	5	0.0	2	2 0 3
21	74	0.0	2	2 69 3
22	13972	0.0	2	13463 494 15
23	58	0.0	2	4 50 4

=== Second read: Adapter 'Pfcsp-r_rc' ===

Sequence: AAATGACCCAAACCGAAATG; Type: regular 5'; Length: 20; Trimmed: 15346 times.

No. of allowed errors:
0-9 bp: 0; 10-19 bp: 1; 20 bp: 2

Overview of removed sequences
length	count	expect	max.err	error counts
5	9	28.8	0	9
13	1	0.0	1	0 1
18	8	0.0	1	0 1 7
19	189	0.0	1	23 163 3
20	15110	0.0	2	14595 484 31
21	27	0.0	2	8 18 1
22	2	0.0	2	0 0 2

=== Second read: Adapter 'Pfama-r' ===

Sequence: GGACCATTATTTTCTTGAGCTG; Type: regular 5'; Length: 22; Trimmed: 14035 times.

No. of allowed errors:
0-9 bp: 0; 10-19 bp: 1; 20-22 bp: 2

Overview of removed sequences
length	count	expect	max.err	error counts
20	6	0.0	2	3 0 3
21	115	0.0	2	8 97 10
22	13888	0.0	2	13258 590 40
23	26	0.0	2	5 17 4


	Trimming BF5 reads
This is cutadapt 1.8.3 with Python 2.7.8
Command line parameters: -g file:adapters/forwardPrimers.fasta -G file:adapters/reversePrimers.fasta -o out/cut/1/BF5.1.fastq.gz -p out/cut/2/BF5.2.fastq.gz raw_reads/1/BF5_S5_L001_R1_001.fastq.gz raw_reads/2/BF5_S5_L001_R2_001.fastq.gz
Trimming 4 adapters with at most 10.0% errors in paired-end mode ...
Finished in 3.13 s (103 us/read; 0.58 M reads/minute).

=== Summary ===

Total read pairs processed:             30,472
  Read 1 with adapter:                  30,455 (99.9%)
  Read 2 with adapter:                  30,292 (99.4%)
Pairs written (passing filters):        30,472 (100.0%)

Total basepairs processed:    18,344,144 bp
  Read 1:     9,172,072 bp
  Read 2:     9,172,072 bp
Total written (filtered):     16,990,951 bp (92.6%)
  Read 1:     8,450,137 bp
  Read 2:     8,540,814 bp

=== First read: Adapter 'Pfcsp-f' ===

Sequence: TTAAGGAACAAGAAGGATAATACCA; Type: regular 5'; Length: 25; Trimmed: 17384 times.

No. of allowed errors:
0-9 bp: 0; 10-19 bp: 1; 20-25 bp: 2

Overview of removed sequences
length	count	expect	max.err	error counts
19	1	0.0	1	0 1
20	3	0.0	2	0 1 2
21	1	0.0	2	0 0 1
22	2	0.0	2	0 2
23	8	0.0	2	0 1 7
24	174	0.0	2	26 140 8
25	17163	0.0	2	16474 653 36
26	32	0.0	2	4 27 1

=== First read: Adapter 'Pfama-f' ===

Sequence: TCAGGGAAATGTCCAGTATTTG; Type: regular 5'; Length: 22; Trimmed: 13071 times.

No. of allowed errors:
0-9 bp: 0; 10-19 bp: 1; 20-22 bp: 2

Overview of removed sequences
length	count	expect	max.err	error counts
20	9	0.0	2	0 0 9
21	92	0.0	2	8 80 4
22	12898	0.0	2	12401 482 15
23	72	0.0	2	8 56 8

=== Second read: Adapter 'Pfcsp-r_rc' ===

Sequence: AAATGACCCAAACCGAAATG; Type: regular 5'; Length: 20; Trimmed: 17308 times.

No. of allowed errors:
0-9 bp: 0; 10-19 bp: 1; 20 bp: 2

Overview of removed sequences
length	count	expect	max.err	error counts
5	10	29.8	0	10
12	2	0.0	1	2
15	3	0.0	1	3
16	5	0.0	1	1 4
18	22	0.0	1	3 1 18
19	197	0.0	1	18 166 13
20	17038	0.0	2	16302 664 72
21	30	0.0	2	7 23
22	1	0.0	2	0 0 1

=== Second read: Adapter 'Pfama-r' ===

Sequence: GGACCATTATTTTCTTGAGCTG; Type: regular 5'; Length: 22; Trimmed: 12984 times.

No. of allowed errors:
0-9 bp: 0; 10-19 bp: 1; 20-22 bp: 2

Overview of removed sequences
length	count	expect	max.err	error counts
17	1	0.0	1	1
20	6	0.0	2	0 0 6
21	132	0.0	2	7 112 13
22	12836	0.0	2	12255 530 51
23	9	0.0	2	3 5 1


	Trimming BF6 reads
This is cutadapt 1.8.3 with Python 2.7.8
Command line parameters: -g file:adapters/forwardPrimers.fasta -G file:adapters/reversePrimers.fasta -o out/cut/1/BF6.1.fastq.gz -p out/cut/2/BF6.2.fastq.gz raw_reads/1/BF6_S6_L001_R1_001.fastq.gz raw_reads/2/BF6_S6_L001_R2_001.fastq.gz
Trimming 4 adapters with at most 10.0% errors in paired-end mode ...
Finished in 3.27 s (102 us/read; 0.59 M reads/minute).

=== Summary ===

Total read pairs processed:             32,025
  Read 1 with adapter:                  32,006 (99.9%)
  Read 2 with adapter:                  31,863 (99.5%)
Pairs written (passing filters):        32,025 (100.0%)

Total basepairs processed:    19,279,050 bp
  Read 1:     9,639,525 bp
  Read 2:     9,639,525 bp
Total written (filtered):     17,857,644 bp (92.6%)
  Read 1:     8,884,817 bp
  Read 2:     8,972,827 bp

=== First read: Adapter 'Pfcsp-f' ===

Sequence: TTAAGGAACAAGAAGGATAATACCA; Type: regular 5'; Length: 25; Trimmed: 16948 times.

No. of allowed errors:
0-9 bp: 0; 10-19 bp: 1; 20-25 bp: 2

Overview of removed sequences
length	count	expect	max.err	error counts
14	3	0.0	1	3
23	2	0.0	2	0 0 2
24	142	0.0	2	15 120 7
25	16777	0.0	2	16152 600 25
26	23	0.0	2	1 22
32	1	0.0	2	1

=== First read: Adapter 'Pfama-f' ===

Sequence: TCAGGGAAATGTCCAGTATTTG; Type: regular 5'; Length: 22; Trimmed: 15058 times.

No. of allowed errors:
0-9 bp: 0; 10-19 bp: 1; 20-22 bp: 2

Overview of removed sequences
length	count	expect	max.err	error counts
3	1	500.4	0	1
4	1	125.1	0	1
14	3	0.0	1	0 3
15	1	0.0	1	1
18	2	0.0	1	2
20	5	0.0	2	1 4
21	102	0.0	2	7 91 4
22	14874	0.0	2	14354 507 13
23	69	0.0	2	6 60 3

=== Second read: Adapter 'Pfcsp-r_rc' ===

Sequence: AAATGACCCAAACCGAAATG; Type: regular 5'; Length: 20; Trimmed: 16883 times.

No. of allowed errors:
0-9 bp: 0; 10-19 bp: 1; 20 bp: 2

Overview of removed sequences
length	count	expect	max.err	error counts
5	12	31.3	0	12
18	19	0.0	1	0 1 18
19	167	0.0	1	16 135 16
20	16656	0.0	2	16052 552 52
21	25	0.0	2	5 19 1
22	4	0.0	2	0 0 4

=== Second read: Adapter 'Pfama-r' ===

Sequence: GGACCATTATTTTCTTGAGCTG; Type: regular 5'; Length: 22; Trimmed: 14980 times.

No. of allowed errors:
0-9 bp: 0; 10-19 bp: 1; 20-22 bp: 2

Overview of removed sequences
length	count	expect	max.err	error counts
14	2	0.0	1	0 2
16	1	0.0	1	0 1
20	11	0.0	2	0 0 11
21	137	0.0	2	11 107 19
22	14818	0.0	2	14236 528 54
23	11	0.0	2	1 10


	Trimming BF7 reads
This is cutadapt 1.8.3 with Python 2.7.8
Command line parameters: -g file:adapters/forwardPrimers.fasta -G file:adapters/reversePrimers.fasta -o out/cut/1/BF7.1.fastq.gz -p out/cut/2/BF7.2.fastq.gz raw_reads/1/BF7_S7_L001_R1_001.fastq.gz raw_reads/2/BF7_S7_L001_R2_001.fastq.gz
Trimming 4 adapters with at most 10.0% errors in paired-end mode ...
Finished in 3.03 s (103 us/read; 0.58 M reads/minute).

=== Summary ===

Total read pairs processed:             29,455
  Read 1 with adapter:                  29,439 (99.9%)
  Read 2 with adapter:                  29,320 (99.5%)
Pairs written (passing filters):        29,455 (100.0%)

Total basepairs processed:    17,731,910 bp
  Read 1:     8,865,955 bp
  Read 2:     8,865,955 bp
Total written (filtered):     16,423,337 bp (92.6%)
  Read 1:     8,169,416 bp
  Read 2:     8,253,921 bp

=== First read: Adapter 'Pfcsp-f' ===

Sequence: TTAAGGAACAAGAAGGATAATACCA; Type: regular 5'; Length: 25; Trimmed: 16342 times.

No. of allowed errors:
0-9 bp: 0; 10-19 bp: 1; 20-25 bp: 2

Overview of removed sequences
length	count	expect	max.err	error counts
17	1	0.0	1	1
20	1	0.0	2	1
22	3	0.0	2	2 1
23	9	0.0	2	1 1 7
24	142	0.0	2	11 126 5
25	16139	0.0	2	15501 608 30
26	47	0.0	2	9 38

=== First read: Adapter 'Pfama-f' ===

Sequence: TCAGGGAAATGTCCAGTATTTG; Type: regular 5'; Length: 22; Trimmed: 13097 times.

No. of allowed errors:
0-9 bp: 0; 10-19 bp: 1; 20-22 bp: 2

Overview of removed sequences
length	count	expect	max.err	error counts
21	65	0.0	2	2 60 3
22	12977	0.0	2	12475 489 13
23	55	0.0	2	3 44 8

=== Second read: Adapter 'Pfcsp-r_rc' ===

Sequence: AAATGACCCAAACCGAAATG; Type: regular 5'; Length: 20; Trimmed: 16284 times.

No. of allowed errors:
0-9 bp: 0; 10-19 bp: 1; 20 bp: 2

Overview of removed sequences
length	count	expect	max.err	error counts
5	11	28.8	0	11
18	6	0.0	1	0 2 4
19	192	0.0	1	25 154 13
20	16046	0.0	2	15448 551 47
21	28	0.0	2	9 17 2
22	1	0.0	2	0 0 1

=== Second read: Adapter 'Pfama-r' ===

Sequence: GGACCATTATTTTCTTGAGCTG; Type: regular 5'; Length: 22; Trimmed: 13036 times.

No. of allowed errors:
0-9 bp: 0; 10-19 bp: 1; 20-22 bp: 2

Overview of removed sequences
length	count	expect	max.err	error counts
20	1	0.0	2	0 0 1
21	114	0.0	2	15 90 9
22	12904	0.0	2	12342 515 47
23	17	0.0	2	6 11


	Trimming BF8 reads
This is cutadapt 1.8.3 with Python 2.7.8
Command line parameters: -g file:adapters/forwardPrimers.fasta -G file:adapters/reversePrimers.fasta -o out/cut/1/BF8.1.fastq.gz -p out/cut/2/BF8.2.fastq.gz raw_reads/1/BF8_S8_L001_R1_001.fastq.gz raw_reads/2/BF8_S8_L001_R2_001.fastq.gz
Trimming 4 adapters with at most 10.0% errors in paired-end mode ...
Finished in 2.75 s (101 us/read; 0.60 M reads/minute).

=== Summary ===

Total read pairs processed:             27,293
  Read 1 with adapter:                  27,277 (99.9%)
  Read 2 with adapter:                  27,196 (99.6%)
Pairs written (passing filters):        27,293 (100.0%)

Total basepairs processed:    16,430,386 bp
  Read 1:     8,215,193 bp
  Read 2:     8,215,193 bp
Total written (filtered):     15,216,910 bp (92.6%)
  Read 1:     7,568,846 bp
  Read 2:     7,648,064 bp

=== First read: Adapter 'Pfcsp-f' ===

Sequence: TTAAGGAACAAGAAGGATAATACCA; Type: regular 5'; Length: 25; Trimmed: 15467 times.

No. of allowed errors:
0-9 bp: 0; 10-19 bp: 1; 20-25 bp: 2

Overview of removed sequences
length	count	expect	max.err	error counts
19	1	0.0	1	0 1
21	1	0.0	2	0 1
23	2	0.0	2	1 1
24	156	0.0	2	10 142 4
25	15266	0.0	2	14636 599 31
26	41	0.0	2	5 36

=== First read: Adapter 'Pfama-f' ===

Sequence: TCAGGGAAATGTCCAGTATTTG; Type: regular 5'; Length: 22; Trimmed: 11810 times.

No. of allowed errors:
0-9 bp: 0; 10-19 bp: 1; 20-22 bp: 2

Overview of removed sequences
length	count	expect	max.err	error counts
18	1	0.0	1	1
20	2	0.0	2	0 0 2
21	64	0.0	2	4 52 8
22	11690	0.0	2	11253 419 18
23	53	0.0	2	5 43 5

=== Second read: Adapter 'Pfcsp-r_rc' ===

Sequence: AAATGACCCAAACCGAAATG; Type: regular 5'; Length: 20; Trimmed: 15432 times.

No. of allowed errors:
0-9 bp: 0; 10-19 bp: 1; 20 bp: 2

Overview of removed sequences
length	count	expect	max.err	error counts
5	5	26.7	0	5
15	1	0.0	1	1
18	11	0.0	1	0 0 11
19	138	0.0	1	11 118 9
20	15255	0.0	2	14732 477 46
21	21	0.0	2	0 20 1
22	1	0.0	2	0 0 1

=== Second read: Adapter 'Pfama-r' ===

Sequence: GGACCATTATTTTCTTGAGCTG; Type: regular 5'; Length: 22; Trimmed: 11764 times.

No. of allowed errors:
0-9 bp: 0; 10-19 bp: 1; 20-22 bp: 2

Overview of removed sequences
length	count	expect	max.err	error counts
20	11	0.0	2	0 2 9
21	102	0.0	2	15 77 10
22	11629	0.0	2	11204 396 29
23	22	0.0	2	3 16 3


	Trimming BF9 reads
This is cutadapt 1.8.3 with Python 2.7.8
Command line parameters: -g file:adapters/forwardPrimers.fasta -G file:adapters/reversePrimers.fasta -o out/cut/1/BF9.1.fastq.gz -p out/cut/2/BF9.2.fastq.gz raw_reads/1/BF9_S9_L001_R1_001.fastq.gz raw_reads/2/BF9_S9_L001_R2_001.fastq.gz
Trimming 4 adapters with at most 10.0% errors in paired-end mode ...
Finished in 2.72 s (102 us/read; 0.59 M reads/minute).

=== Summary ===

Total read pairs processed:             26,675
  Read 1 with adapter:                  26,655 (99.9%)
  Read 2 with adapter:                  26,551 (99.5%)
Pairs written (passing filters):        26,675 (100.0%)

Total basepairs processed:    16,058,350 bp
  Read 1:     8,029,175 bp
  Read 2:     8,029,175 bp
Total written (filtered):     14,874,686 bp (92.6%)
  Read 1:     7,401,727 bp
  Read 2:     7,472,959 bp

=== First read: Adapter 'Pfcsp-f' ===

Sequence: TTAAGGAACAAGAAGGATAATACCA; Type: regular 5'; Length: 25; Trimmed: 13731 times.

No. of allowed errors:
0-9 bp: 0; 10-19 bp: 1; 20-25 bp: 2

Overview of removed sequences
length	count	expect	max.err	error counts
13	1	0.0	1	0 1
20	1	0.0	2	1
22	1	0.0	2	0 0 1
23	4	0.0	2	0 1 3
24	123	0.0	2	10 109 4
25	13573	0.0	2	13081 469 23
26	28	0.0	2	4 23 1

=== First read: Adapter 'Pfama-f' ===

Sequence: TCAGGGAAATGTCCAGTATTTG; Type: regular 5'; Length: 22; Trimmed: 12924 times.

No. of allowed errors:
0-9 bp: 0; 10-19 bp: 1; 20-22 bp: 2

Overview of removed sequences
length	count	expect	max.err	error counts
19	1	0.0	1	1
20	2	0.0	2	0 0 2
21	87	0.0	2	6 73 8
22	12772	0.0	2	12234 526 12
23	62	0.0	2	2 58 2

=== Second read: Adapter 'Pfcsp-r_rc' ===

Sequence: AAATGACCCAAACCGAAATG; Type: regular 5'; Length: 20; Trimmed: 13697 times.

No. of allowed errors:
0-9 bp: 0; 10-19 bp: 1; 20 bp: 2

Overview of removed sequences
length	count	expect	max.err	error counts
4	1	104.2	0	1
5	14	26.0	0	14
18	13	0.0	1	2 5 6
19	123	0.0	1	11 100 12
20	13529	0.0	2	12953 527 49
21	17	0.0	2	9 7 1

=== Second read: Adapter 'Pfama-r' ===

Sequence: GGACCATTATTTTCTTGAGCTG; Type: regular 5'; Length: 22; Trimmed: 12854 times.

No. of allowed errors:
0-9 bp: 0; 10-19 bp: 1; 20-22 bp: 2

Overview of removed sequences
length	count	expect	max.err	error counts
13	1	0.0	1	0 1
17	1	0.0	1	0 1
19	4	0.0	1	0 4
20	8	0.0	2	1 4 3
21	134	0.0	2	11 111 12
22	12685	0.0	2	11927 697 61
23	20	0.0	2	8 9 3
24	1	0.0	2	0 0 1


	Aligning BF1 to refs/AMA/AMA.fasta

	Aligning BF10 to refs/AMA/AMA.fasta

	Aligning BF2 to refs/AMA/AMA.fasta

	Aligning BF3 to refs/AMA/AMA.fasta

	Aligning BF4 to refs/AMA/AMA.fasta

	Aligning BF5 to refs/AMA/AMA.fasta

	Aligning BF6 to refs/AMA/AMA.fasta

	Aligning BF7 to refs/AMA/AMA.fasta

	Aligning BF8 to refs/AMA/AMA.fasta

	Aligning BF9 to refs/AMA/AMA.fasta

Synchronizing paired end reads...


	Synchronizing paired reads for BF10_AMA_1

	Synchronizing paired reads for BF1_AMA_1

	Synchronizing paired reads for BF2_AMA_1

	Synchronizing paired reads for BF3_AMA_1

	Synchronizing paired reads for BF4_AMA_1

	Synchronizing paired reads for BF5_AMA_1

	Synchronizing paired reads for BF6_AMA_1

	Synchronizing paired reads for BF7_AMA_1

	Synchronizing paired reads for BF8_AMA_1

	Synchronizing paired reads for BF9_AMA_1
