[2023-04-24 12:59:09,228] multiqc                                            [DEBUG  ]  This is MultiQC v1.14
[2023-04-24 12:59:09,228] multiqc                                            [DEBUG  ]  Command used: /home/kh455/miniconda3/envs/haplotype_calling/bin/multiqc . --outdir /home/kh455/haplotype_calling_pipeline/output
[2023-04-24 12:59:09,896] multiqc                                            [DEBUG  ]  Latest MultiQC version is v1.14
[2023-04-24 12:59:09,896] multiqc                                            [DEBUG  ]  Working dir : /gpfs/fs1/home/kh455/haplotype_calling_pipeline
[2023-04-24 12:59:09,896] multiqc                                            [DEBUG  ]  Template    : default
[2023-04-24 12:59:09,896] multiqc                                            [DEBUG  ]  Running Python 3.8.12 | packaged by conda-forge | (default, Jan 30 2022, 23:42:07)  [GCC 9.4.0]
[2023-04-24 12:59:09,897] multiqc                                            [DEBUG  ]  Analysing modules: custom_content, ccs, ngsderive, purple, conpair, lima, peddy, somalier, methylQA, mosdepth, phantompeakqualtools, qualimap, preseq, hifiasm, quast, qorts, rna_seqc, rockhopper, rsem, rseqc, busco, bustools, goleft_indexcov, gffcompare, disambiguate, supernova, deeptools, sargasso, verifybamid, mirtrace, happy, mirtop, sambamba, gopeaks, homer, hops, macs2, theta2, snpeff, gatk, htseq, bcftools, featureCounts, fgbio, dragen, dragen_fastqc, dedup, pbmarkdup, damageprofiler, biobambam2, jcvi, mtnucratio, picard, vep, sentieon, prokka, qc3C, nanostat, samblaster, samtools, sexdeterrmine, eigenstratdatabasetools, bamtools, jellyfish, vcftools, longranger, stacks, varscan2, snippy, umitools, bbmap, bismark, biscuit, diamond, hicexplorer, hicup, hicpro, salmon, kallisto, slamdunk, star, hisat2, tophat, bowtie2, bowtie1, cellranger, snpsplit, odgi, pangolin, nextclade, humid, kat, leehom, adapterRemoval, bbduk, clipandmerge, cutadapt, flexbar, kaiju, kraken, malt, motus, trimmomatic, sickle, skewer, sortmerna, biobloomtools, fastq_screen, afterqc, fastp, fastqc, filtlong, prinseqplusplus, pychopper, porechop, pycoqc, minionqc, anglerfish, multivcfanalyzer, clusterflow, checkqc, bcl2fastq, bclconvert, interop, ivar, flash, seqyclean, optitype, whatshap
[2023-04-24 12:59:09,898] multiqc                                            [DEBUG  ]  Using temporary directory for creating report: /tmp/tmp297cf_xo
[2023-04-24 12:59:11,237] multiqc                                            [INFO   ]  Search path : /gpfs/fs1/home/kh455/haplotype_calling_pipeline
[2023-04-24 12:59:28,701] multiqc                                            [DEBUG  ]  Summary of files that were skipped by the search: [skipped_file_contents_search_errors: 2119] // [skipped_module_specific_max_filesize: 694] // [skipped_no_match: 302] // [skipped_ignore_pattern: 180] // [skipped_directory_fn_ignore_dirs: 5]
[2023-04-24 12:59:32,879] multiqc.plots.bargraph                             [DEBUG  ]  Using matplotlib version 3.5.1
[2023-04-24 12:59:32,918] multiqc.plots.linegraph                            [DEBUG  ]  Using matplotlib version 3.5.1
[2023-04-24 12:59:32,933] multiqc                                            [DEBUG  ]  No samples found: custom_content
[2023-04-24 12:59:32,986] multiqc                                            [DEBUG  ]  No samples found: featureCounts
[2023-04-24 12:59:33,002] multiqc                                            [DEBUG  ]  No samples found: trimmomatic
[2023-04-24 12:59:33,437] multiqc.modules.fastqc.fastqc                      [INFO   ]  Found 56 reports
[2023-04-24 12:59:35,382] multiqc                                            [INFO   ]  Compressing plot data
[2023-04-24 12:59:37,100] multiqc                                            [INFO   ]  Report      : ../../../../../home/kh455/haplotype_calling_pipeline/output/multiqc_report.html
[2023-04-24 12:59:37,126] multiqc                                            [INFO   ]  Data        : ../../../../../home/kh455/haplotype_calling_pipeline/output/multiqc_data
[2023-04-24 12:59:37,126] multiqc                                            [DEBUG  ]  Moving data file from '/tmp/tmp297cf_xo/multiqc_data' to '/home/kh455/haplotype_calling_pipeline/output/multiqc_data'
[2023-04-24 12:59:38,227] multiqc                                            [INFO   ]  MultiQC complete
