Building DAG of jobs...
The code used to generate one or several output files has changed:
    To inspect which output files have changes, run 'snakemake --list-code-changes'.
    To trigger a re-run, use 'snakemake -R $(snakemake --list-code-changes)'.
The input used to generate one or several output files has changed:
    To inspect which output files have changes, run 'snakemake --list-input-changes'.
    To trigger a re-run, use 'snakemake -R $(snakemake --list-input-changes)'.
The params used to generate one or several output files has changed:
    To inspect which output files have changes, run 'snakemake --list-params-changes'.
    To trigger a re-run, use 'snakemake -R $(snakemake --list-params-changes)'.
Using shell: /usr/bin/bash
Provided cores: 10
Rules claiming more threads will be scaled down.
Job stats:
job                  count    min threads    max threads
-----------------  -------  -------------  -------------
all                      1              1              1
censor_haplotypes        1              1              1
total                    2              1              1

Select jobs to execute...

[Thu Apr 14 14:32:37 2022]
rule censor_haplotypes:
    input: out/haplotype_output/AMA_haplotypes.rds
    output: out/haplotype_output/AMA_haplotype_table_precensored.csv, out/haplotype_output/AMA_snps_between_haps_within_samples.fasta, out/haplotype_output/AMA_uniqueSeqs.fasta, out/haplotype_output/AMA_aligned_seqs.fasta, out/haplotype_output/AMA_uniqueSeqs_final_censored.fasta, out/haplotype_output/AMA_haplotype_table_censored_final_version.csv
    jobid: 4
    priority: 40
    resources: tmpdir=/tmp

[Thu Apr 14 14:32:54 2022]
Error in rule censor_haplotypes:
    jobid: 4
    output: out/haplotype_output/AMA_haplotype_table_precensored.csv, out/haplotype_output/AMA_snps_between_haps_within_samples.fasta, out/haplotype_output/AMA_uniqueSeqs.fasta, out/haplotype_output/AMA_aligned_seqs.fasta, out/haplotype_output/AMA_uniqueSeqs_final_censored.fasta, out/haplotype_output/AMA_haplotype_table_censored_final_version.csv

RuleException:
CalledProcessError in line 95 of /gpfs/fs1/home/kh455/haplotype_calling_pipeline/Snakefile:
Command 'set -euo pipefail;  Rscript --vanilla /gpfs/fs1/home/kh455/haplotype_calling_pipeline/.snakemake/scripts/tmpehu87yek.haplotype_censoring.R' returned non-zero exit status 1.
  File "/gpfs/fs1/home/kh455/haplotype_calling_pipeline/Snakefile", line 95, in __rule_censor_haplotypes
  File "/home/kh455/miniconda3/envs/haplotype_calling/lib/python3.8/concurrent/futures/thread.py", line 57, in run
Removing output files of failed job censor_haplotypes since they might be corrupted:
out/haplotype_output/AMA_haplotype_table_precensored.csv, out/haplotype_output/AMA_snps_between_haps_within_samples.fasta, out/haplotype_output/AMA_uniqueSeqs.fasta, out/haplotype_output/AMA_aligned_seqs.fasta, out/haplotype_output/AMA_uniqueSeqs_final_censored.fasta
Shutting down, this might take some time.
Exiting because a job execution failed. Look above for error message
The code used to generate one or several output files has changed:
    To inspect which output files have changes, run 'snakemake --list-code-changes'.
    To trigger a re-run, use 'snakemake -R $(snakemake --list-code-changes)'.
The input used to generate one or several output files has changed:
    To inspect which output files have changes, run 'snakemake --list-input-changes'.
    To trigger a re-run, use 'snakemake -R $(snakemake --list-input-changes)'.
The params used to generate one or several output files has changed:
    To inspect which output files have changes, run 'snakemake --list-params-changes'.
    To trigger a re-run, use 'snakemake -R $(snakemake --list-params-changes)'.
Complete log: /gpfs/fs1/home/kh455/haplotype_calling_pipeline/.snakemake/log/2022-04-14T143237.435890.snakemake.log
