Building DAG of jobs...
Using shell: /usr/bin/bash
Provided cores: 1 (use --cores to define parallelism)
Rules claiming more threads will be scaled down.
Job stats:
job                count    min threads    max threads
---------------  -------  -------------  -------------
all                    1              1              1
call_haplotypes        1              1              1
total                  2              1              1

Select jobs to execute...

[Tue Mar  1 14:56:17 2022]
rule call_haplotypes:
    input: scripts/step2a_dada2_ama.R
    output: out/haplotype_output/AMA_trimAndFilterTable, out/haplotype_output/AMA_haplotypes.rds, out/haplotype_output/AMA_trackReadsThroughPipeline.csv
    jobid: 1
    priority: 20
    resources: tmpdir=/tmp

Terminating processes on user request, this might take some time.
[Tue Mar  1 14:56:21 2022]
Error in rule call_haplotypes:
    jobid: 1
    output: out/haplotype_output/AMA_trimAndFilterTable, out/haplotype_output/AMA_haplotypes.rds, out/haplotype_output/AMA_trackReadsThroughPipeline.csv

RuleException:
CalledProcessError in line 65 of /gpfs/fs1/home/kh455/snakemake-tutorial/Snakefile:
Command 'set -euo pipefail;  Rscript --vanilla /gpfs/fs1/home/kh455/snakemake-tutorial/.snakemake/scripts/tmpycom6vpq.step2a_dada2_ama.R' returned non-zero exit status 1.
  File "/gpfs/fs1/home/kh455/snakemake-tutorial/Snakefile", line 65, in __rule_call_haplotypes
  File "/home/kh455/miniconda3/envs/haplotype_calling/lib/python3.10/concurrent/futures/thread.py", line 58, in run
Complete log: /gpfs/fs1/home/kh455/snakemake-tutorial/.snakemake/log/2022-03-01T145617.254693.snakemake.log
