Building DAG of jobs...
The code used to generate one or several output files has changed:
    To inspect which output files have changes, run 'snakemake --list-code-changes'.
    To trigger a re-run, use 'snakemake -R $(snakemake --list-code-changes)'.
The input used to generate one or several output files has changed:
    To inspect which output files have changes, run 'snakemake --list-input-changes'.
    To trigger a re-run, use 'snakemake -R $(snakemake --list-input-changes)'.
The params used to generate one or several output files has changed:
    To inspect which output files have changes, run 'snakemake --list-params-changes'.
    To trigger a re-run, use 'snakemake -R $(snakemake --list-params-changes)'.
Using shell: /usr/bin/bash
Provided cores: 10
Rules claiming more threads will be scaled down.
Job stats:
job                  count    min threads    max threads
-----------------  -------  -------------  -------------
all                      1              1              1
call_haplotypes          1              1              1
censor_haplotypes        1              1              1
total                    3              1              1

Select jobs to execute...

[Thu Apr 14 14:57:07 2022]
rule call_haplotypes:
    input: out/fastq/AMA/all_samples
    output: out/haplotype_output/AMA_trimAndFilterTable, out/haplotype_output/AMA_haplotypes.rds, out/haplotype_output/AMA_trackReadsThroughPipeline.csv
    jobid: 3
    priority: 30
    resources: tmpdir=/tmp

[Thu Apr 14 14:58:09 2022]
Finished job 3.
1 of 3 steps (33%) done
Select jobs to execute...

[Thu Apr 14 14:58:09 2022]
rule censor_haplotypes:
    input: out/haplotype_output/AMA_haplotypes.rds
    output: out/haplotype_output/AMA_haplotype_table_precensored.csv, out/haplotype_output/AMA_snps_between_haps_within_samples.fasta, out/haplotype_output/AMA_uniqueSeqs.fasta, out/haplotype_output/AMA_aligned_seqs.fasta, out/haplotype_output/AMA_uniqueSeqs_final_censored.fasta, out/haplotype_output/AMA_haplotype_table_censored_final_version.csv
    jobid: 4
    priority: 40
    resources: tmpdir=/tmp

[Thu Apr 14 14:58:30 2022]
Finished job 4.
2 of 3 steps (67%) done
Select jobs to execute...

[Thu Apr 14 14:58:30 2022]
localrule all:
    input: out/fastq/AMA/1, out/fastq/AMA/all_samples, out/haplotype_output/AMA_trimAndFilterTable, out/haplotype_output/AMA_haplotype_table_censored_final_version.csv
    jobid: 0
    resources: tmpdir=/tmp

[Thu Apr 14 14:58:30 2022]
Finished job 0.
3 of 3 steps (100%) done
The code used to generate one or several output files has changed:
    To inspect which output files have changes, run 'snakemake --list-code-changes'.
    To trigger a re-run, use 'snakemake -R $(snakemake --list-code-changes)'.
The input used to generate one or several output files has changed:
    To inspect which output files have changes, run 'snakemake --list-input-changes'.
    To trigger a re-run, use 'snakemake -R $(snakemake --list-input-changes)'.
The params used to generate one or several output files has changed:
    To inspect which output files have changes, run 'snakemake --list-params-changes'.
    To trigger a re-run, use 'snakemake -R $(snakemake --list-params-changes)'.
Complete log: /gpfs/fs1/home/kh455/haplotype_calling_pipeline/.snakemake/log/2022-04-14T145704.414962.snakemake.log
