Building DAG of jobs...
The code used to generate one or several output files has changed:
    To inspect which output files have changes, run 'snakemake --list-code-changes'.
    To trigger a re-run, use 'snakemake -R $(snakemake --list-code-changes)'.
The input used to generate one or several output files has changed:
    To inspect which output files have changes, run 'snakemake --list-input-changes'.
    To trigger a re-run, use 'snakemake -R $(snakemake --list-input-changes)'.
The params used to generate one or several output files has changed:
    To inspect which output files have changes, run 'snakemake --list-params-changes'.
    To trigger a re-run, use 'snakemake -R $(snakemake --list-params-changes)'.
Using shell: /usr/bin/bash
Provided cores: 1 (use --cores to define parallelism)
Rules claiming more threads will be scaled down.
Job stats:
job                       count    min threads    max threads
----------------------  -------  -------------  -------------
all                           1              1              1
call_haplotypes               1              1              1
clean_sequencing_reads        1              1              1
organize_folders              1              1              1
total                         4              1              1

Select jobs to execute...

[Thu Mar  3 13:24:58 2022]
rule call_haplotypes:
    input: scripts/step2a_dada2_ama.R
    output: out/haplotype_output/AMA_trimAndFilterTable, out/haplotype_output/AMA_haplotypes.rds, out/haplotype_output/AMA_trackReadsThroughPipeline.csv
    jobid: 3
    priority: 30
    resources: tmpdir=/tmp

Terminating processes on user request, this might take some time.
[Thu Mar  3 13:25:03 2022]
Error in rule call_haplotypes:
    jobid: 3
    output: out/haplotype_output/AMA_trimAndFilterTable, out/haplotype_output/AMA_haplotypes.rds, out/haplotype_output/AMA_trackReadsThroughPipeline.csv

RuleException:
CalledProcessError in line 68 of /gpfs/fs1/home/kh455/snakemake-tutorial/Snakefile:
Command 'set -euo pipefail;  Rscript --vanilla /gpfs/fs1/home/kh455/snakemake-tutorial/.snakemake/scripts/tmptpqww_hs.step2a_dada2_ama.R' returned non-zero exit status 1.
  File "/gpfs/fs1/home/kh455/snakemake-tutorial/Snakefile", line 68, in __rule_call_haplotypes
  File "/home/kh455/miniconda3/envs/haplotype_calling/lib/python3.8/concurrent/futures/thread.py", line 57, in run
The code used to generate one or several output files has changed:
    To inspect which output files have changes, run 'snakemake --list-code-changes'.
    To trigger a re-run, use 'snakemake -R $(snakemake --list-code-changes)'.
The input used to generate one or several output files has changed:
    To inspect which output files have changes, run 'snakemake --list-input-changes'.
    To trigger a re-run, use 'snakemake -R $(snakemake --list-input-changes)'.
The params used to generate one or several output files has changed:
    To inspect which output files have changes, run 'snakemake --list-params-changes'.
    To trigger a re-run, use 'snakemake -R $(snakemake --list-params-changes)'.
Complete log: /gpfs/fs1/home/kh455/snakemake-tutorial/.snakemake/log/2022-03-03T132457.390229.snakemake.log
